<?xml version="1.0" encoding="UTF-8"?>
<!-- Generated by org.testng.reporters.JUnitXMLReporter -->
<testsuite ignored="0" hostname="WX-5CG1285KPX" failures="0" tests="5" name="Default test" time="106.208" errors="0" timestamp="2022-07-03T12:45:46 IST">
  <testcase classname="Pages.LiveScores" name="pageTitle" time="25.462"/>
  <testcase classname="Pages.LiveScores" name="BackendTest" time="62.983"/>
  <testcase classname="Pages.LiveScores" name="quickFilter" time="1.034"/>
  <testcase classname="Pages.LiveScores" name="Reset" time="0.672"/>
  <testcase classname="Pages.LiveScores" name="TopEvents" time="15.991"/>
</testsuite> <!-- Default test -->
