<?xml version="1.0" encoding="UTF-8"?>
<testsuite xmlns:xsi="http://www.w3.org/2001/XMLSchema-instance" xsi:noNamespaceSchemaLocation="https://maven.apache.org/surefire/maven-surefire-plugin/xsd/surefire-test-report-3.0.xsd" version="3.0" name="TestSuite" time="446.541" tests="12" errors="0" skipped="0" failures="7">
  <properties>
[...]
</properties>
  <testcase name="alert" classname="Pages.LiveScores" time="23.801">
    <system-err><![CDATA[SLF4J: Failed to load class "org.slf4j.impl.StaticLoggerBinder".
SLF4J: Defaulting to no-operation (NOP) logger implementation
SLF4J: See http://www.slf4j.org/codes.html#StaticLoggerBinder for further details.
Starting ChromeDriver 103.0.5060.53 (a1711811edd74ff1cf2150f36ffa3b0dae40b17f-refs/branch-heads/5060@{#853}) on port 65363
Only local connections are allowed.
Please see https://chromedriver.chromium.org/security-considerations for suggestions on keeping ChromeDriver safe.
ChromeDriver was started successfully.
Jul 15, 2022 9:03:05 AM org.openqa.selenium.remote.ProtocolHandshake createSession
INFO: Detected upstream dialect: W3C
Jul 15, 2022 9:03:05 AM org.openqa.selenium.devtools.CdpVersionFinder findNearestMatch
INFO: Found exact CDP implementation for version 103
]]></system-err>
  </testcase>
  <testcase name="brokenURl" classname="Pages.LiveScores" time="26.919">
    <system-out><![CDATA[Page url is:https://pp.espncricinfo.com/live-cricket-scoreStatus of the page url is:403
]]></system-out>
  </testcase>
  <testcase name="pageTitle" classname="Pages.LiveScores" time="0.153">
    <system-out><![CDATA[Live cricket scores and updates,15 Jul 2022 for all matches, teams and tournaments
]]></system-out>
  </testcase>
  <testcase name="quickFilter" classname="Pages.LiveScores" time="1.688">
    <system-out><![CDATA[true
]]></system-out>
  </testcase>
  <testcase name="Reset" classname="Pages.LiveScores" time="0.521"/>
  <testcase name="TopEvents" classname="Pages.LiveScores" time="28.335">
    <failure message="unknown error: cannot determine loading status&#10;from unknown error: unexpected command response&#10;  (Session info: chrome=103.0.5060.114)&#10;Build info: version: &apos;4.3.0&apos;, revision: &apos;a4995e2c09*&apos;&#10;System info: host: &apos;WX-5CG1285KPX&apos;, ip: &apos;192.168.1.102&apos;, os.name: &apos;Windows 10&apos;, os.arch: &apos;amd64&apos;, os.version: &apos;10.0&apos;, java.version: &apos;17.0.2&apos;&#10;Driver info: org.openqa.selenium.chrome.ChromeDriver&#10;Command: [46a4f4b7c9ea085122bd69f37e31cf6b, get {url=https://pp.espncricinfo.com/series/new-zealand-in-ireland-2022-1307472/ireland-vs-new-zealand-3rd-odi-1303311/live-cricket-score}]&#10;Capabilities {acceptInsecureCerts: false, browserName: chrome, browserVersion: 103.0.5060.114, chrome: {chromedriverVersion: 103.0.5060.53 (a1711811edd7..., userDataDir: C:\Users\VENKATEC\AppData\L...}, goog:chromeOptions: {debuggerAddress: localhost:52995}, networkConnectionEnabled: false, pageLoadStrategy: normal, platformName: WINDOWS, proxy: Proxy(), se:cdp: ws://localhost:52995/devtoo..., se:cdpVersion: 103.0.5060.114, setWindowRect: true, strictFileInteractability: false, timeouts: {implicit: 0, pageLoad: 300000, script: 30000}, unhandledPromptBehavior: dismiss and notify, webauthn:extension:credBlob: true, webauthn:extension:largeBlob: true, webauthn:virtualAuthenticators: true}&#10;Session ID: 46a4f4b7c9ea085122bd69f37e31cf6b" type="org.openqa.selenium.WebDriverException"><![CDATA[org.openqa.selenium.WebDriverException: 
unknown error: cannot determine loading status
from unknown error: unexpected command response
  (Session info: chrome=103.0.5060.114)
Build info: version: '4.3.0', revision: 'a4995e2c09*'
System info: host: 'WX-5CG1285KPX', ip: '192.168.1.102', os.name: 'Windows 10', os.arch: 'amd64', os.version: '10.0', java.version: '17.0.2'
Driver info: org.openqa.selenium.chrome.ChromeDriver
Command: [46a4f4b7c9ea085122bd69f37e31cf6b, get {url=https://pp.espncricinfo.com/series/new-zealand-in-ireland-2022-1307472/ireland-vs-new-zealand-3rd-odi-1303311/live-cricket-score}]
Capabilities {acceptInsecureCerts: false, browserName: chrome, browserVersion: 103.0.5060.114, chrome: {chromedriverVersion: 103.0.5060.53 (a1711811edd7..., userDataDir: C:\Users\VENKATEC\AppData\L...}, goog:chromeOptions: {debuggerAddress: localhost:52995}, networkConnectionEnabled: false, pageLoadStrategy: normal, platformName: WINDOWS, proxy: Proxy(), se:cdp: ws://localhost:52995/devtoo..., se:cdpVersion: 103.0.5060.114, setWindowRect: true, strictFileInteractability: false, timeouts: {implicit: 0, pageLoad: 300000, script: 30000}, unhandledPromptBehavior: dismiss and notify, webauthn:extension:credBlob: true, webauthn:extension:largeBlob: true, webauthn:virtualAuthenticators: true}
Session ID: 46a4f4b7c9ea085122bd69f37e31cf6b
	at Pages.LiveScores.TopEvents(LiveScores.java:135)
]]></failure>
  </testcase>
  <testcase name="stickyTeamFilter" classname="Pages.LiveScores" time="180.009">
    <failure message="java.util.concurrent.TimeoutException&#10;Build info: version: &apos;4.3.0&apos;, revision: &apos;a4995e2c09*&apos;&#10;System info: host: &apos;WX-5CG1285KPX&apos;, ip: &apos;192.168.1.102&apos;, os.name: &apos;Windows 10&apos;, os.arch: &apos;amd64&apos;, os.version: &apos;10.0&apos;, java.version: &apos;17.0.2&apos;&#10;Driver info: org.openqa.selenium.chrome.ChromeDriver&#10;Command: [46a4f4b7c9ea085122bd69f37e31cf6b, findElement {using=css selector, value=div[class*=&apos;ds-w-96 ds-flex ds-shadow-elevated&apos;] div div}]&#10;Capabilities {acceptInsecureCerts: false, browserName: chrome, browserVersion: 103.0.5060.114, chrome: {chromedriverVersion: 103.0.5060.53 (a1711811edd7..., userDataDir: C:\Users\VENKATEC\AppData\L...}, goog:chromeOptions: {debuggerAddress: localhost:52995}, networkConnectionEnabled: false, pageLoadStrategy: normal, platformName: WINDOWS, proxy: Proxy(), se:cdp: ws://localhost:52995/devtoo..., se:cdpVersion: 103.0.5060.114, setWindowRect: true, strictFileInteractability: false, timeouts: {implicit: 0, pageLoad: 300000, script: 30000}, unhandledPromptBehavior: dismiss and notify, webauthn:extension:credBlob: true, webauthn:extension:largeBlob: true, webauthn:virtualAuthenticators: true}&#10;Session ID: 46a4f4b7c9ea085122bd69f37e31cf6b" type="org.openqa.selenium.TimeoutException"><![CDATA[org.openqa.selenium.TimeoutException: 
java.util.concurrent.TimeoutException
Build info: version: '4.3.0', revision: 'a4995e2c09*'
System info: host: 'WX-5CG1285KPX', ip: '192.168.1.102', os.name: 'Windows 10', os.arch: 'amd64', os.version: '10.0', java.version: '17.0.2'
Driver info: org.openqa.selenium.chrome.ChromeDriver
Command: [46a4f4b7c9ea085122bd69f37e31cf6b, findElement {using=css selector, value=div[class*='ds-w-96 ds-flex ds-shadow-elevated'] div div}]
Capabilities {acceptInsecureCerts: false, browserName: chrome, browserVersion: 103.0.5060.114, chrome: {chromedriverVersion: 103.0.5060.53 (a1711811edd7..., userDataDir: C:\Users\VENKATEC\AppData\L...}, goog:chromeOptions: {debuggerAddress: localhost:52995}, networkConnectionEnabled: false, pageLoadStrategy: normal, platformName: WINDOWS, proxy: Proxy(), se:cdp: ws://localhost:52995/devtoo..., se:cdpVersion: 103.0.5060.114, setWindowRect: true, strictFileInteractability: false, timeouts: {implicit: 0, pageLoad: 300000, script: 30000}, unhandledPromptBehavior: dismiss and notify, webauthn:extension:credBlob: true, webauthn:extension:largeBlob: true, webauthn:virtualAuthenticators: true}
Session ID: 46a4f4b7c9ea085122bd69f37e31cf6b
	at Pages.LiveScores.stickyTeamFilter(LiveScores.java:145)
Caused by: java.util.concurrent.TimeoutException
	at Pages.LiveScores.stickyTeamFilter(LiveScores.java:145)
]]></failure>
  </testcase>
  <testcase name="selectTeamOption" classname="Pages.LiveScores" time="180.021">
    <failure message="java.util.concurrent.TimeoutException&#10;Build info: version: &apos;4.3.0&apos;, revision: &apos;a4995e2c09*&apos;&#10;System info: host: &apos;WX-5CG1285KPX&apos;, ip: &apos;192.168.1.102&apos;, os.name: &apos;Windows 10&apos;, os.arch: &apos;amd64&apos;, os.version: &apos;10.0&apos;, java.version: &apos;17.0.2&apos;&#10;Driver info: org.openqa.selenium.chrome.ChromeDriver&#10;Command: [46a4f4b7c9ea085122bd69f37e31cf6b, findElement {using=xpath, value=//div[@class=&apos;ds-grid ds-grid-cols-2 ds-gap-x-4 ds-px-4&apos;]/div[1]/div/span}]&#10;Capabilities {acceptInsecureCerts: false, browserName: chrome, browserVersion: 103.0.5060.114, chrome: {chromedriverVersion: 103.0.5060.53 (a1711811edd7..., userDataDir: C:\Users\VENKATEC\AppData\L...}, goog:chromeOptions: {debuggerAddress: localhost:52995}, networkConnectionEnabled: false, pageLoadStrategy: normal, platformName: WINDOWS, proxy: Proxy(), se:cdp: ws://localhost:52995/devtoo..., se:cdpVersion: 103.0.5060.114, setWindowRect: true, strictFileInteractability: false, timeouts: {implicit: 0, pageLoad: 300000, script: 30000}, unhandledPromptBehavior: dismiss and notify, webauthn:extension:credBlob: true, webauthn:extension:largeBlob: true, webauthn:virtualAuthenticators: true}&#10;Session ID: 46a4f4b7c9ea085122bd69f37e31cf6b" type="org.openqa.selenium.TimeoutException"><![CDATA[org.openqa.selenium.TimeoutException: 
java.util.concurrent.TimeoutException
Build info: version: '4.3.0', revision: 'a4995e2c09*'
System info: host: 'WX-5CG1285KPX', ip: '192.168.1.102', os.name: 'Windows 10', os.arch: 'amd64', os.version: '10.0', java.version: '17.0.2'
Driver info: org.openqa.selenium.chrome.ChromeDriver
Command: [46a4f4b7c9ea085122bd69f37e31cf6b, findElement {using=xpath, value=//div[@class='ds-grid ds-grid-cols-2 ds-gap-x-4 ds-px-4']/div[1]/div/span}]
Capabilities {acceptInsecureCerts: false, browserName: chrome, browserVersion: 103.0.5060.114, chrome: {chromedriverVersion: 103.0.5060.53 (a1711811edd7..., userDataDir: C:\Users\VENKATEC\AppData\L...}, goog:chromeOptions: {debuggerAddress: localhost:52995}, networkConnectionEnabled: false, pageLoadStrategy: normal, platformName: WINDOWS, proxy: Proxy(), se:cdp: ws://localhost:52995/devtoo..., se:cdpVersion: 103.0.5060.114, setWindowRect: true, strictFileInteractability: false, timeouts: {implicit: 0, pageLoad: 300000, script: 30000}, unhandledPromptBehavior: dismiss and notify, webauthn:extension:credBlob: true, webauthn:extension:largeBlob: true, webauthn:virtualAuthenticators: true}
Session ID: 46a4f4b7c9ea085122bd69f37e31cf6b
	at Pages.LiveScores.selectTeamOption(LiveScores.java:153)
Caused by: java.util.concurrent.TimeoutException
	at Pages.LiveScores.selectTeamOption(LiveScores.java:153)
]]></failure>
  </testcase>
  <testcase name="Apply" classname="Pages.LiveScores" time="3.221">
    <failure message="no such window: target window already closed&#10;from unknown error: web view not found&#10;  (Session info: chrome=103.0.5060.114)&#10;Build info: version: &apos;4.3.0&apos;, revision: &apos;a4995e2c09*&apos;&#10;System info: host: &apos;WX-5CG1285KPX&apos;, ip: &apos;192.168.1.102&apos;, os.name: &apos;Windows 10&apos;, os.arch: &apos;amd64&apos;, os.version: &apos;10.0&apos;, java.version: &apos;17.0.2&apos;&#10;Driver info: org.openqa.selenium.chrome.ChromeDriver&#10;Command: [46a4f4b7c9ea085122bd69f37e31cf6b, findElement {using=xpath, value=//span[text()=&apos;Apply&apos;]}]&#10;Capabilities {acceptInsecureCerts: false, browserName: chrome, browserVersion: 103.0.5060.114, chrome: {chromedriverVersion: 103.0.5060.53 (a1711811edd7..., userDataDir: C:\Users\VENKATEC\AppData\L...}, goog:chromeOptions: {debuggerAddress: localhost:52995}, networkConnectionEnabled: false, pageLoadStrategy: normal, platformName: WINDOWS, proxy: Proxy(), se:cdp: ws://localhost:52995/devtoo..., se:cdpVersion: 103.0.5060.114, setWindowRect: true, strictFileInteractability: false, timeouts: {implicit: 0, pageLoad: 300000, script: 30000}, unhandledPromptBehavior: dismiss and notify, webauthn:extension:credBlob: true, webauthn:extension:largeBlob: true, webauthn:virtualAuthenticators: true}&#10;Session ID: 46a4f4b7c9ea085122bd69f37e31cf6b" type="org.openqa.selenium.NoSuchWindowException"><![CDATA[org.openqa.selenium.NoSuchWindowException: 
no such window: target window already closed
from unknown error: web view not found
  (Session info: chrome=103.0.5060.114)
Build info: version: '4.3.0', revision: 'a4995e2c09*'
System info: host: 'WX-5CG1285KPX', ip: '192.168.1.102', os.name: 'Windows 10', os.arch: 'amd64', os.version: '10.0', java.version: '17.0.2'
Driver info: org.openqa.selenium.chrome.ChromeDriver
Command: [46a4f4b7c9ea085122bd69f37e31cf6b, findElement {using=xpath, value=//span[text()='Apply']}]
Capabilities {acceptInsecureCerts: false, browserName: chrome, browserVersion: 103.0.5060.114, chrome: {chromedriverVersion: 103.0.5060.53 (a1711811edd7..., userDataDir: C:\Users\VENKATEC\AppData\L...}, goog:chromeOptions: {debuggerAddress: localhost:52995}, networkConnectionEnabled: false, pageLoadStrategy: normal, platformName: WINDOWS, proxy: Proxy(), se:cdp: ws://localhost:52995/devtoo..., se:cdpVersion: 103.0.5060.114, setWindowRect: true, strictFileInteractability: false, timeouts: {implicit: 0, pageLoad: 300000, script: 30000}, unhandledPromptBehavior: dismiss and notify, webauthn:extension:credBlob: true, webauthn:extension:largeBlob: true, webauthn:virtualAuthenticators: true}
Session ID: 46a4f4b7c9ea085122bd69f37e31cf6b
	at Pages.LiveScores.Apply(LiveScores.java:160)
]]></failure>
  </testcase>
  <testcase name="ClickTeamSelectedEvent" classname="Pages.LiveScores" time="0.023">
    <failure message="no such window: target window already closed&#10;from unknown error: web view not found&#10;  (Session info: chrome=103.0.5060.114)&#10;Build info: version: &apos;4.3.0&apos;, revision: &apos;a4995e2c09*&apos;&#10;System info: host: &apos;WX-5CG1285KPX&apos;, ip: &apos;192.168.1.102&apos;, os.name: &apos;Windows 10&apos;, os.arch: &apos;amd64&apos;, os.version: &apos;10.0&apos;, java.version: &apos;17.0.2&apos;&#10;Driver info: org.openqa.selenium.chrome.ChromeDriver&#10;Command: [46a4f4b7c9ea085122bd69f37e31cf6b, findElements {using=xpath, value=//div[@class=&apos;ds-p-0&apos;]/div/div/div/div/a}]&#10;Capabilities {acceptInsecureCerts: false, browserName: chrome, browserVersion: 103.0.5060.114, chrome: {chromedriverVersion: 103.0.5060.53 (a1711811edd7..., userDataDir: C:\Users\VENKATEC\AppData\L...}, goog:chromeOptions: {debuggerAddress: localhost:52995}, networkConnectionEnabled: false, pageLoadStrategy: normal, platformName: WINDOWS, proxy: Proxy(), se:cdp: ws://localhost:52995/devtoo..., se:cdpVersion: 103.0.5060.114, setWindowRect: true, strictFileInteractability: false, timeouts: {implicit: 0, pageLoad: 300000, script: 30000}, unhandledPromptBehavior: dismiss and notify, webauthn:extension:credBlob: true, webauthn:extension:largeBlob: true, webauthn:virtualAuthenticators: true}&#10;Session ID: 46a4f4b7c9ea085122bd69f37e31cf6b" type="org.openqa.selenium.NoSuchWindowException"><![CDATA[org.openqa.selenium.NoSuchWindowException: 
no such window: target window already closed
from unknown error: web view not found
  (Session info: chrome=103.0.5060.114)
Build info: version: '4.3.0', revision: 'a4995e2c09*'
System info: host: 'WX-5CG1285KPX', ip: '192.168.1.102', os.name: 'Windows 10', os.arch: 'amd64', os.version: '10.0', java.version: '17.0.2'
Driver info: org.openqa.selenium.chrome.ChromeDriver
Command: [46a4f4b7c9ea085122bd69f37e31cf6b, findElements {using=xpath, value=//div[@class='ds-p-0']/div/div/div/div/a}]
Capabilities {acceptInsecureCerts: false, browserName: chrome, browserVersion: 103.0.5060.114, chrome: {chromedriverVersion: 103.0.5060.53 (a1711811edd7..., userDataDir: C:\Users\VENKATEC\AppData\L...}, goog:chromeOptions: {debuggerAddress: localhost:52995}, networkConnectionEnabled: false, pageLoadStrategy: normal, platformName: WINDOWS, proxy: Proxy(), se:cdp: ws://localhost:52995/devtoo..., se:cdpVersion: 103.0.5060.114, setWindowRect: true, strictFileInteractability: false, timeouts: {implicit: 0, pageLoad: 300000, script: 30000}, unhandledPromptBehavior: dismiss and notify, webauthn:extension:credBlob: true, webauthn:extension:largeBlob: true, webauthn:virtualAuthenticators: true}
Session ID: 46a4f4b7c9ea085122bd69f37e31cf6b
	at Pages.LiveScores.ClickTeamSelectedEvent(LiveScores.java:171)
]]></failure>
  </testcase>
  <testcase name="clearall" classname="Pages.LiveScores" time="0.023">
    <failure message="no such window: target window already closed&#10;from unknown error: web view not found&#10;  (Session info: chrome=103.0.5060.114)&#10;Build info: version: &apos;4.3.0&apos;, revision: &apos;a4995e2c09*&apos;&#10;System info: host: &apos;WX-5CG1285KPX&apos;, ip: &apos;192.168.1.102&apos;, os.name: &apos;Windows 10&apos;, os.arch: &apos;amd64&apos;, os.version: &apos;10.0&apos;, java.version: &apos;17.0.2&apos;&#10;Driver info: org.openqa.selenium.chrome.ChromeDriver&#10;Command: [46a4f4b7c9ea085122bd69f37e31cf6b, findElement {using=css selector, value=div[class*=&apos;ds-w-96 ds-flex ds-shadow-elevated&apos;] div div}]&#10;Capabilities {acceptInsecureCerts: false, browserName: chrome, browserVersion: 103.0.5060.114, chrome: {chromedriverVersion: 103.0.5060.53 (a1711811edd7..., userDataDir: C:\Users\VENKATEC\AppData\L...}, goog:chromeOptions: {debuggerAddress: localhost:52995}, networkConnectionEnabled: false, pageLoadStrategy: normal, platformName: WINDOWS, proxy: Proxy(), se:cdp: ws://localhost:52995/devtoo..., se:cdpVersion: 103.0.5060.114, setWindowRect: true, strictFileInteractability: false, timeouts: {implicit: 0, pageLoad: 300000, script: 30000}, unhandledPromptBehavior: dismiss and notify, webauthn:extension:credBlob: true, webauthn:extension:largeBlob: true, webauthn:virtualAuthenticators: true}&#10;Session ID: 46a4f4b7c9ea085122bd69f37e31cf6b" type="org.openqa.selenium.NoSuchWindowException"><![CDATA[org.openqa.selenium.NoSuchWindowException: 
no such window: target window already closed
from unknown error: web view not found
  (Session info: chrome=103.0.5060.114)
Build info: version: '4.3.0', revision: 'a4995e2c09*'
System info: host: 'WX-5CG1285KPX', ip: '192.168.1.102', os.name: 'Windows 10', os.arch: 'amd64', os.version: '10.0', java.version: '17.0.2'
Driver info: org.openqa.selenium.chrome.ChromeDriver
Command: [46a4f4b7c9ea085122bd69f37e31cf6b, findElement {using=css selector, value=div[class*='ds-w-96 ds-flex ds-shadow-elevated'] div div}]
Capabilities {acceptInsecureCerts: false, browserName: chrome, browserVersion: 103.0.5060.114, chrome: {chromedriverVersion: 103.0.5060.53 (a1711811edd7..., userDataDir: C:\Users\VENKATEC\AppData\L...}, goog:chromeOptions: {debuggerAddress: localhost:52995}, networkConnectionEnabled: false, pageLoadStrategy: normal, platformName: WINDOWS, proxy: Proxy(), se:cdp: ws://localhost:52995/devtoo..., se:cdpVersion: 103.0.5060.114, setWindowRect: true, strictFileInteractability: false, timeouts: {implicit: 0, pageLoad: 300000, script: 30000}, unhandledPromptBehavior: dismiss and notify, webauthn:extension:credBlob: true, webauthn:extension:largeBlob: true, webauthn:virtualAuthenticators: true}
Session ID: 46a4f4b7c9ea085122bd69f37e31cf6b
	at Pages.LiveScores.clearall(LiveScores.java:192)
]]></failure>
  </testcase>
  <testcase name="allmatches" classname="Pages.LiveScores" time="0.01">
    <failure message="no such window: target window already closed&#10;from unknown error: web view not found&#10;  (Session info: chrome=103.0.5060.114)&#10;Build info: version: &apos;4.3.0&apos;, revision: &apos;a4995e2c09*&apos;&#10;System info: host: &apos;WX-5CG1285KPX&apos;, ip: &apos;192.168.1.102&apos;, os.name: &apos;Windows 10&apos;, os.arch: &apos;amd64&apos;, os.version: &apos;10.0&apos;, java.version: &apos;17.0.2&apos;&#10;Driver info: org.openqa.selenium.chrome.ChromeDriver&#10;Command: [46a4f4b7c9ea085122bd69f37e31cf6b, findElements {using=xpath, value=//span[text()=&apos;All Matches&apos;]/parent::a}]&#10;Capabilities {acceptInsecureCerts: false, browserName: chrome, browserVersion: 103.0.5060.114, chrome: {chromedriverVersion: 103.0.5060.53 (a1711811edd7..., userDataDir: C:\Users\VENKATEC\AppData\L...}, goog:chromeOptions: {debuggerAddress: localhost:52995}, networkConnectionEnabled: false, pageLoadStrategy: normal, platformName: WINDOWS, proxy: Proxy(), se:cdp: ws://localhost:52995/devtoo..., se:cdpVersion: 103.0.5060.114, setWindowRect: true, strictFileInteractability: false, timeouts: {implicit: 0, pageLoad: 300000, script: 30000}, unhandledPromptBehavior: dismiss and notify, webauthn:extension:credBlob: true, webauthn:extension:largeBlob: true, webauthn:virtualAuthenticators: true}&#10;Session ID: 46a4f4b7c9ea085122bd69f37e31cf6b" type="org.openqa.selenium.NoSuchWindowException"><![CDATA[org.openqa.selenium.NoSuchWindowException: 
no such window: target window already closed
from unknown error: web view not found
  (Session info: chrome=103.0.5060.114)
Build info: version: '4.3.0', revision: 'a4995e2c09*'
System info: host: 'WX-5CG1285KPX', ip: '192.168.1.102', os.name: 'Windows 10', os.arch: 'amd64', os.version: '10.0', java.version: '17.0.2'
Driver info: org.openqa.selenium.chrome.ChromeDriver
Command: [46a4f4b7c9ea085122bd69f37e31cf6b, findElements {using=xpath, value=//span[text()='All Matches']/parent::a}]
Capabilities {acceptInsecureCerts: false, browserName: chrome, browserVersion: 103.0.5060.114, chrome: {chromedriverVersion: 103.0.5060.53 (a1711811edd7..., userDataDir: C:\Users\VENKATEC\AppData\L...}, goog:chromeOptions: {debuggerAddress: localhost:52995}, networkConnectionEnabled: false, pageLoadStrategy: normal, platformName: WINDOWS, proxy: Proxy(), se:cdp: ws://localhost:52995/devtoo..., se:cdpVersion: 103.0.5060.114, setWindowRect: true, strictFileInteractability: false, timeouts: {implicit: 0, pageLoad: 300000, script: 30000}, unhandledPromptBehavior: dismiss and notify, webauthn:extension:credBlob: true, webauthn:extension:largeBlob: true, webauthn:virtualAuthenticators: true}
Session ID: 46a4f4b7c9ea085122bd69f37e31cf6b
	at Pages.LiveScores.allmatches(LiveScores.java:204)
]]></failure>
  </testcase>
</testsuite>